<?xml version="1.0" encoding="UTF-8"?>
<testsuite xmlns:xsi="http://www.w3.org/2001/XMLSchema-instance" xsi:noNamespaceSchemaLocation="https://maven.apache.org/surefire/maven-surefire-plugin/xsd/surefire-test-report-3.0.xsd" version="3.0" name="com.edutec.demoneo4j.Demoneo4jApplicationTests" time="4.307" tests="1" errors="0" skipped="0" failures="0">
  <properties>
[...]
</properties>
  <testcase name="contextLoads" classname="com.edutec.demoneo4j.Demoneo4jApplicationTests" time="0.994">
    <system-out><![CDATA[15:14:13.765 [main] INFO org.springframework.test.context.support.AnnotationConfigContextLoaderUtils -- Could not detect default configuration classes for test class [com.edutec.demoneo4j.Demoneo4jApplicationTests]: Demoneo4jApplicationTests does not declare any static, non-private, non-final, nested classes annotated with @Configuration.
15:14:13.910 [main] INFO org.springframework.boot.test.context.SpringBootTestContextBootstrapper -- Found @SpringBootConfiguration com.edutec.demoneo4j.Demoneo4jApplication for test class com.edutec.demoneo4j.Demoneo4jApplicationTests

  .   ____          _            __ _ _
 /\\ / ___'_ __ _ _(_)_ __  __ _ \ \ \ \
( ( )\___ | '_ | '_| | '_ \/ _` | \ \ \ \
 \\/  ___)| |_)| | | | | || (_| |  ) ) ) )
  '  |____| .__|_| |_|_| |_\__, | / / / /
 =========|_|==============|___/=/_/_/_/

 :: Spring Boot ::                (v3.3.1)

2024-07-11T15:14:14.488Z  INFO 19454 --- [demoneo4j] [           main] c.e.demoneo4j.Demoneo4jApplicationTests  : Starting Demoneo4jApplicationTests using Java 17.0.11 with PID 19454 (started by vscode in /workspaces/demoneo4j)
2024-07-11T15:14:14.490Z  INFO 19454 --- [demoneo4j] [           main] c.e.demoneo4j.Demoneo4jApplicationTests  : No active profile set, falling back to 1 default profile: "default"
2024-07-11T15:14:15.418Z  INFO 19454 --- [demoneo4j] [           main] .s.d.r.c.RepositoryConfigurationDelegate : Bootstrapping Spring Data Neo4j repositories in DEFAULT mode.
2024-07-11T15:14:15.446Z  INFO 19454 --- [demoneo4j] [           main] .s.d.r.c.RepositoryConfigurationDelegate : Finished Spring Data repository scanning in 12 ms. Found 0 Neo4j repository interfaces.
2024-07-11T15:14:15.457Z  INFO 19454 --- [demoneo4j] [           main] .s.d.r.c.RepositoryConfigurationDelegate : Bootstrapping Spring Data Neo4j repositories in DEFAULT mode.
2024-07-11T15:14:15.460Z  INFO 19454 --- [demoneo4j] [           main] .s.d.r.c.RepositoryConfigurationDelegate : Finished Spring Data repository scanning in 2 ms. Found 0 Neo4j repository interfaces.
2024-07-11T15:14:16.010Z  INFO 19454 --- [demoneo4j] [           main] o.neo4j.driver.internal.DriverFactory    : Direct driver instance 1898730595 created for server address 44.201.195.13:7687
2024-07-11T15:14:16.871Z  INFO 19454 --- [demoneo4j] [           main] c.e.demoneo4j.Demoneo4jApplicationTests  : Started Demoneo4jApplicationTests in 2.806 seconds (process running for 3.951)
]]></system-out>
  </testcase>
</testsuite>